<?xml version="1.0" encoding="UTF-8"?>
<testsuite name="openGoogleAndEbay.LoginToEbay" tests="1" skipped="0" failures="0" errors="0" timestamp="2019-09-18T10:44:39" hostname="DESKTOP-7T33ROT" time="9.052">
  <properties/>
  <testcase name="logInTest" classname="openGoogleAndEbay.LoginToEbay" time="9.052"/>
  <system-out><![CDATA[]]></system-out>
  <system-err><![CDATA[Starting ChromeDriver 76.0.3809.68 (420c9498db8ce8fcd190a954d51297672c1515d5-refs/branch-heads/3809@{#864}) on port 11211
Only local connections are allowed.
Please protect ports used by ChromeDriver and related test frameworks to prevent access by malicious code.
[1568803477.903][WARNING]: Timed out connecting to Chrome, retrying...
Sep 18, 2019 1:44:39 PM org.openqa.selenium.remote.ProtocolHandshake createSession
INFO: Detected dialect: W3C
]]></system-err>
</testsuite>
