<?xml version="1.0" encoding="UTF-8"?>
<testsuite name="wiki.WikiLogIn" tests="1" skipped="0" failures="0" errors="0" timestamp="2019-09-17T17:57:08" hostname="DESKTOP-7T33ROT" time="3.066">
  <properties/>
  <testcase name="wikiLogInTest" classname="wiki.WikiLogIn" time="3.066"/>
  <system-out><![CDATA[]]></system-out>
  <system-err><![CDATA[Starting ChromeDriver 76.0.3809.68 (420c9498db8ce8fcd190a954d51297672c1515d5-refs/branch-heads/3809@{#864}) on port 40393
Only local connections are allowed.
Please protect ports used by ChromeDriver and related test frameworks to prevent access by malicious code.
[1568743024.531][WARNING]: Timed out connecting to Chrome, retrying...
Sep 17, 2019 8:57:06 PM org.openqa.selenium.remote.ProtocolHandshake createSession
INFO: Detected dialect: W3C
]]></system-err>
</testsuite>
