<?xml version="1.0" encoding="UTF-8"?>
<testsuite name="openGoogleAndEbay.OpenGoogleTest" tests="2" skipped="0" failures="0" errors="0" timestamp="2019-09-18T10:44:54" hostname="DESKTOP-7T33ROT" time="15.712">
  <properties/>
  <testcase name="clickIamFillingLucky" classname="openGoogleAndEbay.OpenGoogleTest" time="0.001"/>
  <testcase name="searchJavaTest" classname="openGoogleAndEbay.OpenGoogleTest" time="9.816"/>
  <system-out><![CDATA[]]></system-out>
  <system-err><![CDATA[Starting ChromeDriver 76.0.3809.68 (420c9498db8ce8fcd190a954d51297672c1515d5-refs/branch-heads/3809@{#864}) on port 41792
Only local connections are allowed.
Please protect ports used by ChromeDriver and related test frameworks to prevent access by malicious code.
[1568803492.933][WARNING]: Timed out connecting to Chrome, retrying...
Sep 18, 2019 1:44:54 PM org.openqa.selenium.remote.ProtocolHandshake createSession
INFO: Detected dialect: W3C
Starting ChromeDriver 76.0.3809.68 (420c9498db8ce8fcd190a954d51297672c1515d5-refs/branch-heads/3809@{#864}) on port 14478
Only local connections are allowed.
Please protect ports used by ChromeDriver and related test frameworks to prevent access by malicious code.
[1568803498.832][WARNING]: Timed out connecting to Chrome, retrying...
Sep 18, 2019 1:45:00 PM org.openqa.selenium.remote.ProtocolHandshake createSession
INFO: Detected dialect: W3C
]]></system-err>
</testsuite>
